<?xml version="1.0" encoding="UTF-8"?>
<coverage generated="1720515059990" clover="3.2.0">
  <project timestamp="1720515059990" name="All files">
    <metrics statements="53" coveredstatements="53" conditionals="36" coveredconditionals="36" methods="15" coveredmethods="15" elements="104" coveredelements="104" complexity="0" loc="53" ncloc="53" packages="1" files="1" classes="1"/>
    <file name="gilded_rose.js" path="/Users/javifs/Github Repos/GildedRose-Refactoring-Kata/js-jest/src/gilded_rose.js">
      <metrics statements="53" coveredstatements="53" conditionals="36" coveredconditionals="36" methods="15" coveredmethods="15"/>
      <line num="3" count="16" type="stmt"/>
      <line num="4" count="16" type="stmt"/>
      <line num="5" count="16" type="stmt"/>
      <line num="9" count="1" type="stmt"/>
      <line num="10" count="1" type="stmt"/>
      <line num="11" count="1" type="stmt"/>
      <line num="15" count="12" type="stmt"/>
      <line num="16" count="16" type="cond" truecount="2" falsecount="0"/>
      <line num="17" count="16" type="stmt"/>
      <line num="22" count="6" type="stmt"/>
      <line num="26" count="12" type="stmt"/>
      <line num="30" count="14" type="stmt"/>
      <line num="34" count="5" type="cond" truecount="2" falsecount="0"/>
      <line num="35" count="5" type="cond" truecount="2" falsecount="0"/>
      <line num="39" count="5" type="cond" truecount="2" falsecount="0"/>
      <line num="40" count="4" type="stmt"/>
      <line num="42" count="4" type="cond" truecount="2" falsecount="0"/>
      <line num="43" count="3" type="stmt"/>
      <line num="45" count="4" type="cond" truecount="2" falsecount="0"/>
      <line num="46" count="2" type="stmt"/>
      <line num="49" count="5" type="cond" truecount="2" falsecount="0"/>
      <line num="53" count="23" type="stmt"/>
      <line num="57" count="5" type="cond" truecount="2" falsecount="0"/>
      <line num="61" count="4" type="cond" truecount="2" falsecount="0"/>
      <line num="65" count="16" type="stmt"/>
      <line num="67" count="16" type="cond" truecount="2" falsecount="0"/>
      <line num="68" count="3" type="stmt"/>
      <line num="70" count="13" type="cond" truecount="4" falsecount="0"/>
      <line num="72" count="3" type="stmt"/>
      <line num="73" count="3" type="stmt"/>
      <line num="75" count="5" type="stmt"/>
      <line num="76" count="5" type="stmt"/>
      <line num="78" count="2" type="stmt"/>
      <line num="80" count="3" type="stmt"/>
      <line num="86" count="16" type="stmt"/>
      <line num="88" count="16" type="cond" truecount="2" falsecount="0"/>
      <line num="89" count="7" type="cond" truecount="2" falsecount="0"/>
      <line num="90" count="2" type="stmt"/>
      <line num="92" count="5" type="cond" truecount="4" falsecount="0"/>
      <line num="94" count="2" type="stmt"/>
      <line num="95" count="2" type="stmt"/>
      <line num="97" count="1" type="stmt"/>
      <line num="98" count="1" type="stmt"/>
      <line num="100" count="1" type="stmt"/>
      <line num="102" count="1" type="stmt"/>
      <line num="109" count="11" type="stmt"/>
      <line num="110" count="16" type="stmt"/>
      <line num="112" count="16" type="stmt"/>
      <line num="114" count="16" type="cond" truecount="2" falsecount="0"/>
      <line num="115" count="14" type="stmt"/>
      <line num="118" count="16" type="stmt"/>
      <line num="121" count="11" type="stmt"/>
      <line num="125" count="1" type="stmt"/>
    </file>
  </project>
</coverage>
