{"/Users/javifs/Github Repos/GildedRose-Refactoring-Kata/js-jest/src/gilded_rose.js": {"path":"/Users/javifs/Github Repos/GildedRose-Refactoring-Kata/js-jest/src/gilded_rose.js","statementMap":{"0":{"start":{"line":3,"column":4},"end":{"line":3,"column":21}},"1":{"start":{"line":4,"column":4},"end":{"line":4,"column":25}},"2":{"start":{"line":5,"column":4},"end":{"line":5,"column":27}},"3":{"start":{"line":11,"column":4},"end":{"line":11,"column":18}},"4":{"start":{"line":15,"column":4},"end":{"line":15,"column":34}},"5":{"start":{"line":15,"column":27},"end":{"line":15,"column":34}},"6":{"start":{"line":16,"column":4},"end":{"line":16,"column":41}},"7":{"start":{"line":20,"column":4},"end":{"line":20,"column":35}},"8":{"start":{"line":20,"column":28},"end":{"line":20,"column":35}},"9":{"start":{"line":21,"column":4},"end":{"line":21,"column":41}},"10":{"start":{"line":25,"column":4},"end":{"line":25,"column":26}},"11":{"start":{"line":26,"column":4},"end":{"line":26,"column":71}},"12":{"start":{"line":32,"column":4},"end":{"line":32,"column":26}},"13":{"start":{"line":33,"column":4},"end":{"line":33,"column":71}},"14":{"start":{"line":39,"column":4},"end":{"line":39,"column":28}},"15":{"start":{"line":46,"column":4},"end":{"line":46,"column":26}},"16":{"start":{"line":48,"column":4},"end":{"line":51,"column":5}},"17":{"start":{"line":49,"column":6},"end":{"line":49,"column":23}},"18":{"start":{"line":50,"column":6},"end":{"line":50,"column":13}},"19":{"start":{"line":53,"column":4},"end":{"line":53,"column":27}},"20":{"start":{"line":54,"column":4},"end":{"line":54,"column":49}},"21":{"start":{"line":54,"column":26},"end":{"line":54,"column":49}},"22":{"start":{"line":55,"column":4},"end":{"line":55,"column":48}},"23":{"start":{"line":55,"column":25},"end":{"line":55,"column":48}},"24":{"start":{"line":61,"column":4},"end":{"line":61,"column":26}},"25":{"start":{"line":62,"column":4},"end":{"line":62,"column":72}},"26":{"start":{"line":68,"column":4},"end":{"line":79,"column":5}},"27":{"start":{"line":70,"column":8},"end":{"line":70,"column":66}},"28":{"start":{"line":72,"column":8},"end":{"line":72,"column":52}},"29":{"start":{"line":74,"column":8},"end":{"line":74,"column":71}},"30":{"start":{"line":76,"column":8},"end":{"line":76,"column":70}},"31":{"start":{"line":78,"column":8},"end":{"line":78,"column":70}},"32":{"start":{"line":85,"column":4},"end":{"line":85,"column":63}},"33":{"start":{"line":85,"column":37},"end":{"line":85,"column":61}},"34":{"start":{"line":89,"column":4},"end":{"line":89,"column":48}},"35":{"start":{"line":89,"column":33},"end":{"line":89,"column":46}},"36":{"start":{"line":90,"column":4},"end":{"line":90,"column":22}},"37":{"start":{"line":153,"column":0},"end":{"line":156,"column":2}}},"fnMap":{"0":{"name":"(anonymous_0)","decl":{"start":{"line":2,"column":2},"end":{"line":2,"column":3}},"loc":{"start":{"line":2,"column":37},"end":{"line":6,"column":3}},"line":2},"1":{"name":"(anonymous_1)","decl":{"start":{"line":10,"column":2},"end":{"line":10,"column":3}},"loc":{"start":{"line":10,"column":19},"end":{"line":12,"column":3}},"line":10},"2":{"name":"(anonymous_2)","decl":{"start":{"line":14,"column":2},"end":{"line":14,"column":3}},"loc":{"start":{"line":14,"column":30},"end":{"line":17,"column":3}},"line":14},"3":{"name":"(anonymous_3)","decl":{"start":{"line":19,"column":2},"end":{"line":19,"column":3}},"loc":{"start":{"line":19,"column":30},"end":{"line":22,"column":3}},"line":19},"4":{"name":"(anonymous_4)","decl":{"start":{"line":24,"column":2},"end":{"line":24,"column":3}},"loc":{"start":{"line":24,"column":11},"end":{"line":27,"column":3}},"line":24},"5":{"name":"(anonymous_5)","decl":{"start":{"line":31,"column":2},"end":{"line":31,"column":3}},"loc":{"start":{"line":31,"column":11},"end":{"line":34,"column":3}},"line":31},"6":{"name":"(anonymous_6)","decl":{"start":{"line":38,"column":2},"end":{"line":38,"column":3}},"loc":{"start":{"line":38,"column":28},"end":{"line":40,"column":3}},"line":38},"7":{"name":"(anonymous_7)","decl":{"start":{"line":41,"column":2},"end":{"line":41,"column":3}},"loc":{"start":{"line":41,"column":11},"end":{"line":41,"column":13}},"line":41},"8":{"name":"(anonymous_8)","decl":{"start":{"line":45,"column":2},"end":{"line":45,"column":3}},"loc":{"start":{"line":45,"column":11},"end":{"line":56,"column":3}},"line":45},"9":{"name":"(anonymous_9)","decl":{"start":{"line":60,"column":2},"end":{"line":60,"column":3}},"loc":{"start":{"line":60,"column":11},"end":{"line":63,"column":3}},"line":60},"10":{"name":"(anonymous_10)","decl":{"start":{"line":67,"column":2},"end":{"line":67,"column":3}},"loc":{"start":{"line":67,"column":23},"end":{"line":80,"column":3}},"line":67},"11":{"name":"(anonymous_11)","decl":{"start":{"line":84,"column":2},"end":{"line":84,"column":3}},"loc":{"start":{"line":84,"column":26},"end":{"line":86,"column":3}},"line":84},"12":{"name":"(anonymous_12)","decl":{"start":{"line":85,"column":27},"end":{"line":85,"column":28}},"loc":{"start":{"line":85,"column":37},"end":{"line":85,"column":61}},"line":85},"13":{"name":"(anonymous_13)","decl":{"start":{"line":88,"column":2},"end":{"line":88,"column":3}},"loc":{"start":{"line":88,"column":18},"end":{"line":91,"column":3}},"line":88},"14":{"name":"(anonymous_14)","decl":{"start":{"line":89,"column":23},"end":{"line":89,"column":24}},"loc":{"start":{"line":89,"column":33},"end":{"line":89,"column":46}},"line":89}},"branchMap":{"0":{"loc":{"start":{"line":14,"column":18},"end":{"line":14,"column":28}},"type":"default-arg","locations":[{"start":{"line":14,"column":27},"end":{"line":14,"column":28}}],"line":14},"1":{"loc":{"start":{"line":15,"column":4},"end":{"line":15,"column":34}},"type":"if","locations":[{"start":{"line":15,"column":4},"end":{"line":15,"column":34}},{"start":{},"end":{}}],"line":15},"2":{"loc":{"start":{"line":19,"column":18},"end":{"line":19,"column":28}},"type":"default-arg","locations":[{"start":{"line":19,"column":27},"end":{"line":19,"column":28}}],"line":19},"3":{"loc":{"start":{"line":20,"column":4},"end":{"line":20,"column":35}},"type":"if","locations":[{"start":{"line":20,"column":4},"end":{"line":20,"column":35}},{"start":{},"end":{}}],"line":20},"4":{"loc":{"start":{"line":26,"column":4},"end":{"line":26,"column":70}},"type":"cond-expr","locations":[{"start":{"line":26,"column":22},"end":{"line":26,"column":45}},{"start":{"line":26,"column":48},"end":{"line":26,"column":70}}],"line":26},"5":{"loc":{"start":{"line":33,"column":4},"end":{"line":33,"column":70}},"type":"cond-expr","locations":[{"start":{"line":33,"column":22},"end":{"line":33,"column":45}},{"start":{"line":33,"column":48},"end":{"line":33,"column":70}}],"line":33},"6":{"loc":{"start":{"line":48,"column":4},"end":{"line":51,"column":5}},"type":"if","locations":[{"start":{"line":48,"column":4},"end":{"line":51,"column":5}},{"start":{},"end":{}}],"line":48},"7":{"loc":{"start":{"line":54,"column":4},"end":{"line":54,"column":49}},"type":"if","locations":[{"start":{"line":54,"column":4},"end":{"line":54,"column":49}},{"start":{},"end":{}}],"line":54},"8":{"loc":{"start":{"line":55,"column":4},"end":{"line":55,"column":48}},"type":"if","locations":[{"start":{"line":55,"column":4},"end":{"line":55,"column":48}},{"start":{},"end":{}}],"line":55},"9":{"loc":{"start":{"line":62,"column":4},"end":{"line":62,"column":71}},"type":"cond-expr","locations":[{"start":{"line":62,"column":22},"end":{"line":62,"column":45}},{"start":{"line":62,"column":48},"end":{"line":62,"column":71}}],"line":62},"10":{"loc":{"start":{"line":68,"column":4},"end":{"line":79,"column":5}},"type":"switch","locations":[{"start":{"line":69,"column":6},"end":{"line":70,"column":66}},{"start":{"line":71,"column":6},"end":{"line":72,"column":52}},{"start":{"line":73,"column":6},"end":{"line":74,"column":71}},{"start":{"line":75,"column":6},"end":{"line":76,"column":70}},{"start":{"line":77,"column":6},"end":{"line":78,"column":70}}],"line":68},"11":{"loc":{"start":{"line":75,"column":11},"end":{"line":75,"column":62}},"type":"cond-expr","locations":[{"start":{"line":75,"column":46},"end":{"line":75,"column":55}},{"start":{"line":75,"column":58},"end":{"line":75,"column":62}}],"line":75},"12":{"loc":{"start":{"line":84,"column":14},"end":{"line":84,"column":24}},"type":"default-arg","locations":[{"start":{"line":84,"column":22},"end":{"line":84,"column":24}}],"line":84}},"s":{"0":252,"1":252,"2":252,"3":108,"4":54,"5":9,"6":45,"7":72,"8":27,"9":45,"10":36,"11":36,"12":18,"13":18,"14":18,"15":36,"16":36,"17":9,"18":9,"19":27,"20":27,"21":18,"22":27,"23":9,"24":18,"25":18,"26":126,"27":18,"28":18,"29":36,"30":18,"31":36,"32":10,"33":126,"34":9,"35":126,"36":9,"37":1},"f":{"0":252,"1":108,"2":54,"3":72,"4":36,"5":18,"6":18,"7":18,"8":36,"9":18,"10":126,"11":10,"12":126,"13":9,"14":126},"b":{"0":[27],"1":[9,45],"2":[63],"3":[27,45],"4":[9,27],"5":[9,9],"6":[9,27],"7":[18,9],"8":[9,18],"9":[9,9],"10":[18,18,36,18,36],"11":[18,36],"12":[1]},"_coverageSchema":"1a1c01bbd47fc00a2c39e90264f33305004495a9","hash":"4eb051822f3e27285c507a90b4c19c7dc8eba1b0"}
}
