{"/Users/javifs/Github Repos/GildedRose-Refactoring-Kata/js-jest/src/gilded_rose.js": {"path":"/Users/javifs/Github Repos/GildedRose-Refactoring-Kata/js-jest/src/gilded_rose.js","statementMap":{"0":{"start":{"line":3,"column":4},"end":{"line":3,"column":21}},"1":{"start":{"line":4,"column":4},"end":{"line":4,"column":25}},"2":{"start":{"line":5,"column":4},"end":{"line":5,"column":27}},"3":{"start":{"line":9,"column":17},"end":{"line":9,"column":45}},"4":{"start":{"line":10,"column":18},"end":{"line":10,"column":29}},"5":{"start":{"line":11,"column":25},"end":{"line":11,"column":68}},"6":{"start":{"line":15,"column":4},"end":{"line":18,"column":7}},"7":{"start":{"line":16,"column":6},"end":{"line":16,"column":52}},"8":{"start":{"line":16,"column":34},"end":{"line":16,"column":52}},"9":{"start":{"line":17,"column":6},"end":{"line":17,"column":18}},"10":{"start":{"line":22,"column":4},"end":{"line":22,"column":35}},"11":{"start":{"line":26,"column":4},"end":{"line":26,"column":28}},"12":{"start":{"line":30,"column":4},"end":{"line":30,"column":27}},"13":{"start":{"line":34,"column":4},"end":{"line":34,"column":69}},"14":{"start":{"line":34,"column":27},"end":{"line":34,"column":69}},"15":{"start":{"line":35,"column":4},"end":{"line":35,"column":45}},"16":{"start":{"line":35,"column":27},"end":{"line":35,"column":45}},"17":{"start":{"line":39,"column":4},"end":{"line":48,"column":5}},"18":{"start":{"line":40,"column":6},"end":{"line":40,"column":48}},"19":{"start":{"line":42,"column":6},"end":{"line":44,"column":7}},"20":{"start":{"line":43,"column":8},"end":{"line":43,"column":50}},"21":{"start":{"line":45,"column":6},"end":{"line":47,"column":7}},"22":{"start":{"line":46,"column":8},"end":{"line":46,"column":50}},"23":{"start":{"line":49,"column":4},"end":{"line":49,"column":45}},"24":{"start":{"line":49,"column":27},"end":{"line":49,"column":45}},"25":{"start":{"line":53,"column":4},"end":{"line":53,"column":43}},"26":{"start":{"line":57,"column":4},"end":{"line":57,"column":71}},"27":{"start":{"line":57,"column":26},"end":{"line":57,"column":71}},"28":{"start":{"line":61,"column":4},"end":{"line":61,"column":68}},"29":{"start":{"line":61,"column":26},"end":{"line":61,"column":68}},"30":{"start":{"line":65,"column":31},"end":{"line":65,"column":35}},"31":{"start":{"line":67,"column":4},"end":{"line":82,"column":5}},"32":{"start":{"line":68,"column":6},"end":{"line":68,"column":32}},"33":{"start":{"line":70,"column":6},"end":{"line":81,"column":7}},"34":{"start":{"line":72,"column":10},"end":{"line":72,"column":36}},"35":{"start":{"line":73,"column":10},"end":{"line":73,"column":16}},"36":{"start":{"line":75,"column":10},"end":{"line":75,"column":43}},"37":{"start":{"line":76,"column":10},"end":{"line":76,"column":16}},"38":{"start":{"line":78,"column":10},"end":{"line":78,"column":16}},"39":{"start":{"line":80,"column":10},"end":{"line":80,"column":39}},"40":{"start":{"line":86,"column":31},"end":{"line":86,"column":35}},"41":{"start":{"line":88,"column":4},"end":{"line":105,"column":5}},"42":{"start":{"line":89,"column":6},"end":{"line":104,"column":7}},"43":{"start":{"line":90,"column":8},"end":{"line":90,"column":34}},"44":{"start":{"line":92,"column":8},"end":{"line":103,"column":9}},"45":{"start":{"line":94,"column":12},"end":{"line":94,"column":38}},"46":{"start":{"line":95,"column":12},"end":{"line":95,"column":18}},"47":{"start":{"line":97,"column":12},"end":{"line":97,"column":29}},"48":{"start":{"line":98,"column":12},"end":{"line":98,"column":18}},"49":{"start":{"line":100,"column":12},"end":{"line":100,"column":18}},"50":{"start":{"line":102,"column":12},"end":{"line":102,"column":41}},"51":{"start":{"line":109,"column":4},"end":{"line":119,"column":7}},"52":{"start":{"line":110,"column":33},"end":{"line":110,"column":37}},"53":{"start":{"line":112,"column":6},"end":{"line":112,"column":35}},"54":{"start":{"line":114,"column":6},"end":{"line":116,"column":7}},"55":{"start":{"line":115,"column":8},"end":{"line":115,"column":48}},"56":{"start":{"line":118,"column":6},"end":{"line":118,"column":34}},"57":{"start":{"line":121,"column":4},"end":{"line":121,"column":22}},"58":{"start":{"line":125,"column":0},"end":{"line":128,"column":2}}},"fnMap":{"0":{"name":"(anonymous_0)","decl":{"start":{"line":2,"column":2},"end":{"line":2,"column":3}},"loc":{"start":{"line":2,"column":37},"end":{"line":6,"column":3}},"line":2},"1":{"name":"(anonymous_1)","decl":{"start":{"line":14,"column":2},"end":{"line":14,"column":3}},"loc":{"start":{"line":14,"column":26},"end":{"line":19,"column":3}},"line":14},"2":{"name":"(anonymous_2)","decl":{"start":{"line":15,"column":27},"end":{"line":15,"column":28}},"loc":{"start":{"line":15,"column":37},"end":{"line":18,"column":5}},"line":15},"3":{"name":"(anonymous_3)","decl":{"start":{"line":21,"column":2},"end":{"line":21,"column":3}},"loc":{"start":{"line":21,"column":38},"end":{"line":23,"column":3}},"line":21},"4":{"name":"(anonymous_4)","decl":{"start":{"line":25,"column":2},"end":{"line":25,"column":3}},"loc":{"start":{"line":25,"column":24},"end":{"line":27,"column":3}},"line":25},"5":{"name":"(anonymous_5)","decl":{"start":{"line":29,"column":2},"end":{"line":29,"column":3}},"loc":{"start":{"line":29,"column":23},"end":{"line":31,"column":3}},"line":29},"6":{"name":"(anonymous_6)","decl":{"start":{"line":33,"column":2},"end":{"line":33,"column":3}},"loc":{"start":{"line":33,"column":23},"end":{"line":36,"column":3}},"line":33},"7":{"name":"(anonymous_7)","decl":{"start":{"line":38,"column":2},"end":{"line":38,"column":3}},"loc":{"start":{"line":38,"column":30},"end":{"line":50,"column":3}},"line":38},"8":{"name":"(anonymous_8)","decl":{"start":{"line":52,"column":2},"end":{"line":52,"column":3}},"loc":{"start":{"line":52,"column":23},"end":{"line":54,"column":3}},"line":52},"9":{"name":"(anonymous_9)","decl":{"start":{"line":56,"column":2},"end":{"line":56,"column":3}},"loc":{"start":{"line":56,"column":23},"end":{"line":58,"column":3}},"line":56},"10":{"name":"(anonymous_10)","decl":{"start":{"line":60,"column":2},"end":{"line":60,"column":3}},"loc":{"start":{"line":60,"column":26},"end":{"line":62,"column":3}},"line":60},"11":{"name":"(anonymous_11)","decl":{"start":{"line":64,"column":2},"end":{"line":64,"column":3}},"loc":{"start":{"line":64,"column":26},"end":{"line":83,"column":3}},"line":64},"12":{"name":"(anonymous_12)","decl":{"start":{"line":85,"column":2},"end":{"line":85,"column":3}},"loc":{"start":{"line":85,"column":25},"end":{"line":106,"column":3}},"line":85},"13":{"name":"(anonymous_13)","decl":{"start":{"line":108,"column":2},"end":{"line":108,"column":3}},"loc":{"start":{"line":108,"column":18},"end":{"line":122,"column":3}},"line":108},"14":{"name":"(anonymous_14)","decl":{"start":{"line":109,"column":23},"end":{"line":109,"column":24}},"loc":{"start":{"line":109,"column":33},"end":{"line":119,"column":5}},"line":109}},"branchMap":{"0":{"loc":{"start":{"line":14,"column":14},"end":{"line":14,"column":24}},"type":"default-arg","locations":[{"start":{"line":14,"column":22},"end":{"line":14,"column":24}}],"line":14},"1":{"loc":{"start":{"line":16,"column":6},"end":{"line":16,"column":52}},"type":"if","locations":[{"start":{"line":16,"column":6},"end":{"line":16,"column":52}},{"start":{},"end":{}}],"line":16},"2":{"loc":{"start":{"line":21,"column":24},"end":{"line":21,"column":36}},"type":"default-arg","locations":[{"start":{"line":21,"column":35},"end":{"line":21,"column":36}}],"line":21},"3":{"loc":{"start":{"line":34,"column":4},"end":{"line":34,"column":69}},"type":"if","locations":[{"start":{"line":34,"column":4},"end":{"line":34,"column":69}},{"start":{},"end":{}}],"line":34},"4":{"loc":{"start":{"line":35,"column":4},"end":{"line":35,"column":45}},"type":"if","locations":[{"start":{"line":35,"column":4},"end":{"line":35,"column":45}},{"start":{},"end":{}}],"line":35},"5":{"loc":{"start":{"line":39,"column":4},"end":{"line":48,"column":5}},"type":"if","locations":[{"start":{"line":39,"column":4},"end":{"line":48,"column":5}},{"start":{},"end":{}}],"line":39},"6":{"loc":{"start":{"line":42,"column":6},"end":{"line":44,"column":7}},"type":"if","locations":[{"start":{"line":42,"column":6},"end":{"line":44,"column":7}},{"start":{},"end":{}}],"line":42},"7":{"loc":{"start":{"line":45,"column":6},"end":{"line":47,"column":7}},"type":"if","locations":[{"start":{"line":45,"column":6},"end":{"line":47,"column":7}},{"start":{},"end":{}}],"line":45},"8":{"loc":{"start":{"line":49,"column":4},"end":{"line":49,"column":45}},"type":"if","locations":[{"start":{"line":49,"column":4},"end":{"line":49,"column":45}},{"start":{},"end":{}}],"line":49},"9":{"loc":{"start":{"line":57,"column":4},"end":{"line":57,"column":71}},"type":"if","locations":[{"start":{"line":57,"column":4},"end":{"line":57,"column":71}},{"start":{},"end":{}}],"line":57},"10":{"loc":{"start":{"line":61,"column":4},"end":{"line":61,"column":68}},"type":"if","locations":[{"start":{"line":61,"column":4},"end":{"line":61,"column":68}},{"start":{},"end":{}}],"line":61},"11":{"loc":{"start":{"line":67,"column":4},"end":{"line":82,"column":5}},"type":"if","locations":[{"start":{"line":67,"column":4},"end":{"line":82,"column":5}},{"start":{"line":69,"column":11},"end":{"line":82,"column":5}}],"line":67},"12":{"loc":{"start":{"line":70,"column":6},"end":{"line":81,"column":7}},"type":"switch","locations":[{"start":{"line":71,"column":8},"end":{"line":73,"column":16}},{"start":{"line":74,"column":8},"end":{"line":76,"column":16}},{"start":{"line":77,"column":8},"end":{"line":78,"column":16}},{"start":{"line":79,"column":8},"end":{"line":80,"column":39}}],"line":70},"13":{"loc":{"start":{"line":88,"column":4},"end":{"line":105,"column":5}},"type":"if","locations":[{"start":{"line":88,"column":4},"end":{"line":105,"column":5}},{"start":{},"end":{}}],"line":88},"14":{"loc":{"start":{"line":89,"column":6},"end":{"line":104,"column":7}},"type":"if","locations":[{"start":{"line":89,"column":6},"end":{"line":104,"column":7}},{"start":{"line":91,"column":13},"end":{"line":104,"column":7}}],"line":89},"15":{"loc":{"start":{"line":92,"column":8},"end":{"line":103,"column":9}},"type":"switch","locations":[{"start":{"line":93,"column":10},"end":{"line":95,"column":18}},{"start":{"line":96,"column":10},"end":{"line":98,"column":18}},{"start":{"line":99,"column":10},"end":{"line":100,"column":18}},{"start":{"line":101,"column":10},"end":{"line":102,"column":41}}],"line":92},"16":{"loc":{"start":{"line":114,"column":6},"end":{"line":116,"column":7}},"type":"if","locations":[{"start":{"line":114,"column":6},"end":{"line":116,"column":7}},{"start":{},"end":{}}],"line":114}},"s":{"0":16,"1":16,"2":16,"3":1,"4":1,"5":1,"6":12,"7":16,"8":2,"9":16,"10":6,"11":12,"12":14,"13":5,"14":3,"15":5,"16":1,"17":5,"18":4,"19":4,"20":3,"21":4,"22":2,"23":5,"24":2,"25":23,"26":5,"27":3,"28":4,"29":3,"30":16,"31":16,"32":3,"33":13,"34":3,"35":3,"36":5,"37":5,"38":2,"39":3,"40":16,"41":16,"42":7,"43":2,"44":5,"45":2,"46":2,"47":1,"48":1,"49":1,"50":1,"51":11,"52":16,"53":16,"54":16,"55":14,"56":16,"57":11,"58":1},"f":{"0":16,"1":12,"2":16,"3":6,"4":12,"5":14,"6":5,"7":5,"8":23,"9":5,"10":4,"11":16,"12":16,"13":11,"14":16},"b":{"0":[1],"1":[2,14],"2":[3],"3":[3,2],"4":[1,4],"5":[4,1],"6":[3,1],"7":[2,2],"8":[2,3],"9":[3,2],"10":[3,1],"11":[3,13],"12":[3,5,2,3],"13":[7,9],"14":[2,5],"15":[2,1,1,1],"16":[14,2]},"_coverageSchema":"1a1c01bbd47fc00a2c39e90264f33305004495a9","hash":"41a6098d767b5c6b022467ea1531b6ba8deb74d2"}
}
