TN:
SF:src/gilded_rose.js
FN:2,(anonymous_0)
FN:10,(anonymous_1)
FN:14,(anonymous_2)
FN:19,(anonymous_3)
FN:24,(anonymous_4)
FN:31,(anonymous_5)
FN:38,(anonymous_6)
FN:41,(anonymous_7)
FN:45,(anonymous_8)
FN:60,(anonymous_9)
FN:67,(anonymous_10)
FN:84,(anonymous_11)
FN:85,(anonymous_12)
FN:88,(anonymous_13)
FN:89,(anonymous_14)
FNF:15
FNH:15
FNDA:252,(anonymous_0)
FNDA:108,(anonymous_1)
FNDA:54,(anonymous_2)
FNDA:72,(anonymous_3)
FNDA:36,(anonymous_4)
FNDA:18,(anonymous_5)
FNDA:18,(anonymous_6)
FNDA:18,(anonymous_7)
FNDA:36,(anonymous_8)
FNDA:18,(anonymous_9)
FNDA:126,(anonymous_10)
FNDA:10,(anonymous_11)
FNDA:126,(anonymous_12)
FNDA:9,(anonymous_13)
FNDA:126,(anonymous_14)
DA:3,252
DA:4,252
DA:5,252
DA:11,108
DA:15,54
DA:16,45
DA:20,72
DA:21,45
DA:25,36
DA:26,36
DA:32,18
DA:33,18
DA:39,18
DA:46,36
DA:48,36
DA:49,9
DA:50,9
DA:53,27
DA:54,27
DA:55,27
DA:61,18
DA:62,18
DA:68,126
DA:70,18
DA:72,18
DA:74,36
DA:76,18
DA:78,36
DA:85,126
DA:89,126
DA:90,9
DA:153,1
LF:32
LH:32
BRDA:14,0,0,27
BRDA:15,1,0,9
BRDA:15,1,1,45
BRDA:19,2,0,63
BRDA:20,3,0,27
BRDA:20,3,1,45
BRDA:26,4,0,9
BRDA:26,4,1,27
BRDA:33,5,0,9
BRDA:33,5,1,9
BRDA:48,6,0,9
BRDA:48,6,1,27
BRDA:54,7,0,18
BRDA:54,7,1,9
BRDA:55,8,0,9
BRDA:55,8,1,18
BRDA:62,9,0,9
BRDA:62,9,1,9
BRDA:68,10,0,18
BRDA:68,10,1,18
BRDA:68,10,2,36
BRDA:68,10,3,18
BRDA:68,10,4,36
BRDA:75,11,0,18
BRDA:75,11,1,36
BRDA:84,12,0,1
BRF:26
BRH:26
end_of_record
