TN:
SF:src/gilded_rose.js
FN:2,(anonymous_0)
FN:14,(anonymous_1)
FN:15,(anonymous_2)
FN:21,(anonymous_3)
FN:25,(anonymous_4)
FN:29,(anonymous_5)
FN:33,(anonymous_6)
FN:38,(anonymous_7)
FN:52,(anonymous_8)
FN:56,(anonymous_9)
FN:60,(anonymous_10)
FN:64,(anonymous_11)
FN:85,(anonymous_12)
FN:108,(anonymous_13)
FN:109,(anonymous_14)
FNF:15
FNH:15
FNDA:16,(anonymous_0)
FNDA:12,(anonymous_1)
FNDA:16,(anonymous_2)
FNDA:6,(anonymous_3)
FNDA:12,(anonymous_4)
FNDA:14,(anonymous_5)
FNDA:5,(anonymous_6)
FNDA:5,(anonymous_7)
FNDA:23,(anonymous_8)
FNDA:5,(anonymous_9)
FNDA:4,(anonymous_10)
FNDA:16,(anonymous_11)
FNDA:16,(anonymous_12)
FNDA:11,(anonymous_13)
FNDA:16,(anonymous_14)
DA:3,16
DA:4,16
DA:5,16
DA:9,1
DA:10,1
DA:11,1
DA:15,12
DA:16,16
DA:17,16
DA:22,6
DA:26,12
DA:30,14
DA:34,5
DA:35,5
DA:39,5
DA:40,4
DA:42,4
DA:43,3
DA:45,4
DA:46,2
DA:49,5
DA:53,23
DA:57,5
DA:61,4
DA:65,16
DA:67,16
DA:68,3
DA:70,13
DA:72,3
DA:73,3
DA:75,5
DA:76,5
DA:78,2
DA:80,3
DA:86,16
DA:88,16
DA:89,7
DA:90,2
DA:92,5
DA:94,2
DA:95,2
DA:97,1
DA:98,1
DA:100,1
DA:102,1
DA:109,11
DA:110,16
DA:112,16
DA:114,16
DA:115,14
DA:118,16
DA:121,11
DA:125,1
LF:53
LH:53
BRDA:14,0,0,1
BRDA:16,1,0,2
BRDA:16,1,1,14
BRDA:21,2,0,3
BRDA:34,3,0,3
BRDA:34,3,1,2
BRDA:35,4,0,1
BRDA:35,4,1,4
BRDA:39,5,0,4
BRDA:39,5,1,1
BRDA:42,6,0,3
BRDA:42,6,1,1
BRDA:45,7,0,2
BRDA:45,7,1,2
BRDA:49,8,0,2
BRDA:49,8,1,3
BRDA:57,9,0,3
BRDA:57,9,1,2
BRDA:61,10,0,3
BRDA:61,10,1,1
BRDA:67,11,0,3
BRDA:67,11,1,13
BRDA:70,12,0,3
BRDA:70,12,1,5
BRDA:70,12,2,2
BRDA:70,12,3,3
BRDA:88,13,0,7
BRDA:88,13,1,9
BRDA:89,14,0,2
BRDA:89,14,1,5
BRDA:92,15,0,2
BRDA:92,15,1,1
BRDA:92,15,2,1
BRDA:92,15,3,1
BRDA:114,16,0,14
BRDA:114,16,1,2
BRF:36
BRH:36
end_of_record
